<?xml version="1.0" encoding="UTF-8"?>
<!-- Generated by org.testng.reporters.JUnitXMLReporter -->
<testsuite ignored="1" hostname="Khaleed-HP" failures="0" tests="3" name="Car Loan" time="0.098" errors="0" timestamp="2020-02-23T01:18:15 CST">
  <testcase classname="test.day3" name="MobileloginCarloan" time="0.006"/>
  <testcase classname="test.day3" name="WebloginCarloan" time="0.029"/>
  <testcase classname="test.day3" name="WebloginCarloan" time="0.003"/>
  <testcase classname="test.day3" name="APIcarloan" time="0.0">
    <ignored/>
  </testcase> <!-- APIcarloan -->
</testsuite> <!-- Car Loan -->
