<?xml version="1.0" encoding="UTF-8"?>
<!-- Generated by org.testng.reporters.JUnitXMLReporter -->
<testsuite ignored="1" hostname="Khaleed-HP" failures="0" tests="5" name="Personal loan" time="0.278" errors="0" timestamp="2020-02-23T01:18:15 CST">
  <testcase classname="test.day1" name="Demo" time="0.019"/>
  <testcase classname="test.day2" name="ploan" time="0.013"/>
  <testcase classname="test.day4" name="LoginAPIcarloan" time="0.042"/>
  <testcase classname="test.day4" name="MobileloginCarloan" time="0.012"/>
  <testcase classname="test.day4" name="WebloginCarloan" time="0.024"/>
  <testcase classname="test.day1" name="SecondTest" time="0.0">
    <ignored/>
  </testcase> <!-- SecondTest -->
</testsuite> <!-- Personal loan -->
