<?xml version="1.0" encoding="UTF-8"?>
<!-- Generated by org.testng.reporters.JUnitXMLReporter -->
<testsuite ignored="1" hostname="Khaleed-HP" failures="0" tests="5" name="Regression" time="0.211" errors="0" timestamp="2020-02-18T22:14:10 CST">
  <testcase classname="test.day1" name="Demo" time="0.017"/>
  <testcase classname="test.day2" name="ploan" time="0.008"/>
  <testcase classname="test.day4" name="LoginAPIcarloan" time="0.005"/>
  <testcase classname="test.day4" name="MobileloginCarloan" time="0.02"/>
  <testcase classname="test.day4" name="WebloginCarloan" time="0.027"/>
  <testcase classname="test.day1" name="SecondTest" time="0.0">
    <ignored/>
  </testcase> <!-- SecondTest -->
</testsuite> <!-- Regression -->
